Starting a Gradle Daemon, 7 stopped Daemons could not be reused, use --status for details
> Task :compileJava
> Task :processResources UP-TO-DATE
> Task :classes
> Task :resolveMainClassName

> Task :bootRun

  .   ____          _            __ _ _
 /\\ / ___'_ __ _ _(_)_ __  __ _ \ \ \ \
( ( )\___ | '_ | '_| | '_ \/ _` | \ \ \ \
 \\/  ___)| |_)| | | | | || (_| |  ) ) ) )
  '  |____| .__|_| |_|_| |_\__, | / / / /
 =========|_|==============|___/=/_/_/_/

 :: Spring Boot ::                (v3.3.3)

2025-08-01T23:19:10.112+05:30  INFO 6060 --- [stayease] [  restartedMain] c.takehome.stayease.StayeaseApplication  : Starting StayeaseApplication using Java 17.0.7 with PID 6060 (/tmp/gradle_builds/stayease/stayease/classes/java/main started by crio-user in /home/crio-user/workspace/bholaveenayak560-ME_BUILDOUT_STAYEASE)
2025-08-01T23:19:10.117+05:30  INFO 6060 --- [stayease] [  restartedMain] c.takehome.stayease.StayeaseApplication  : No active profile set, falling back to 1 default profile: "default"
2025-08-01T23:19:10.181+05:30  INFO 6060 --- [stayease] [  restartedMain] .e.DevToolsPropertyDefaultsPostProcessor : Devtools property defaults active! Set 'spring.devtools.add-properties' to 'false' to disable
2025-08-01T23:19:10.182+05:30  INFO 6060 --- [stayease] [  restartedMain] .e.DevToolsPropertyDefaultsPostProcessor : For additional web related logging consider setting the 'logging.level.web' property to 'DEBUG'
2025-08-01T23:19:11.272+05:30  INFO 6060 --- [stayease] [  restartedMain] .s.d.r.c.RepositoryConfigurationDelegate : Bootstrapping Spring Data JPA repositories in DEFAULT mode.
2025-08-01T23:19:11.381+05:30  INFO 6060 --- [stayease] [  restartedMain] .s.d.r.c.RepositoryConfigurationDelegate : Finished Spring Data repository scanning in 78 ms. Found 3 JPA repository interfaces.
2025-08-01T23:19:12.186+05:30  INFO 6060 --- [stayease] [  restartedMain] o.s.b.w.embedded.tomcat.TomcatWebServer  : Tomcat initialized with port 8081 (http)
2025-08-01T23:19:12.202+05:30  INFO 6060 --- [stayease] [  restartedMain] o.apache.catalina.core.StandardService   : Starting service [Tomcat]
2025-08-01T23:19:12.203+05:30  INFO 6060 --- [stayease] [  restartedMain] o.apache.catalina.core.StandardEngine    : Starting Servlet engine: [Apache Tomcat/10.1.28]
2025-08-01T23:19:12.258+05:30  INFO 6060 --- [stayease] [  restartedMain] o.a.c.c.C.[Tomcat].[localhost].[/]       : Initializing Spring embedded WebApplicationContext
2025-08-01T23:19:12.260+05:30  INFO 6060 --- [stayease] [  restartedMain] w.s.c.ServletWebServerApplicationContext : Root WebApplicationContext: initialization completed in 2075 ms
2025-08-01T23:19:12.450+05:30  INFO 6060 --- [stayease] [  restartedMain] o.hibernate.jpa.internal.util.LogHelper  : HHH000204: Processing PersistenceUnitInfo [name: default]
2025-08-01T23:19:12.502+05:30  INFO 6060 --- [stayease] [  restartedMain] org.hibernate.Version                    : HHH000412: Hibernate ORM core version 6.5.2.Final
2025-08-01T23:19:12.537+05:30  INFO 6060 --- [stayease] [  restartedMain] o.h.c.internal.RegionFactoryInitiator    : HHH000026: Second-level cache disabled
2025-08-01T23:19:12.854+05:30  INFO 6060 --- [stayease] [  restartedMain] o.s.o.j.p.SpringPersistenceUnitInfo      : No LoadTimeWeaver setup: ignoring JPA class transformer
2025-08-01T23:19:12.905+05:30  INFO 6060 --- [stayease] [  restartedMain] com.zaxxer.hikari.HikariDataSource       : HikariPool-1 - Starting...
2025-08-01T23:19:13.351+05:30  INFO 6060 --- [stayease] [  restartedMain] com.zaxxer.hikari.pool.HikariPool        : HikariPool-1 - Added connection com.mysql.cj.jdbc.ConnectionImpl@5d5a92ce
2025-08-01T23:19:13.354+05:30  INFO 6060 --- [stayease] [  restartedMain] com.zaxxer.hikari.HikariDataSource       : HikariPool-1 - Start completed.
2025-08-01T23:19:13.412+05:30  WARN 6060 --- [stayease] [  restartedMain] org.hibernate.dialect.Dialect            : HHH000511: The 5.7.42 version for [org.hibernate.dialect.MySQLDialect] is no longer supported, hence certain features may not work properly. The minimum supported version is 8.0.0. Check the community dialects project for available legacy versions.
2025-08-01T23:19:14.577+05:30  INFO 6060 --- [stayease] [  restartedMain] o.h.e.t.j.p.i.JtaPlatformInitiator       : HHH000489: No JTA platform available (set 'hibernate.transaction.jta.platform' to enable JTA platform integration)
2025-08-01T23:19:14.645+05:30  INFO 6060 --- [stayease] [  restartedMain] j.LocalContainerEntityManagerFactoryBean : Initialized JPA EntityManagerFactory for persistence unit 'default'
2025-08-01T23:19:15.272+05:30  WARN 6060 --- [stayease] [  restartedMain] JpaBaseConfiguration$JpaWebConfiguration : spring.jpa.open-in-view is enabled by default. Therefore, database queries may be performed during view rendering. Explicitly configure spring.jpa.open-in-view to disable this warning
2025-08-01T23:19:15.322+05:30  INFO 6060 --- [stayease] [  restartedMain] eAuthenticationProviderManagerConfigurer : Global AuthenticationManager configured with AuthenticationProvider bean with name authenticationProvider
2025-08-01T23:19:15.323+05:30  WARN 6060 --- [stayease] [  restartedMain] r$InitializeUserDetailsManagerConfigurer : Global AuthenticationManager configured with an AuthenticationProvider bean. UserDetailsService beans will not be used for username/password login. Consider removing the AuthenticationProvider bean. Alternatively, consider using the UserDetailsService in a manually instantiated DaoAuthenticationProvider.
2025-08-01T23:19:16.136+05:30  INFO 6060 --- [stayease] [  restartedMain] o.s.b.d.a.OptionalLiveReloadServer       : LiveReload server is running on port 35729
2025-08-01T23:19:16.174+05:30  INFO 6060 --- [stayease] [  restartedMain] o.s.b.w.embedded.tomcat.TomcatWebServer  : Tomcat started on port 8081 (http) with context path '/'
2025-08-01T23:19:16.190+05:30  INFO 6060 --- [stayease] [  restartedMain] c.takehome.stayease.StayeaseApplication  : Started StayeaseApplication in 6.622 seconds (process running for 7.111)
2025-08-01T23:19:16.708+05:30  INFO 6060 --- [stayease] [nio-8081-exec-1] o.a.c.c.C.[Tomcat].[localhost].[/]       : Initializing Spring DispatcherServlet 'dispatcherServlet'
2025-08-01T23:19:16.709+05:30  INFO 6060 --- [stayease] [nio-8081-exec-1] o.s.web.servlet.DispatcherServlet        : Initializing Servlet 'dispatcherServlet'
2025-08-01T23:19:16.711+05:30  INFO 6060 --- [stayease] [nio-8081-exec-1] o.s.web.servlet.DispatcherServlet        : Completed initialization in 1 ms
2025-08-01T23:19:17.468+05:30  WARN 6060 --- [stayease] [nio-8081-exec-6] .m.m.a.ExceptionHandlerExceptionResolver : Resolved [com.takehome.stayease.exceptions.BadRequestException: Password must be at least 8 characters long and contain at least one uppercase letter, one number, and one special character.]
2025-08-01T23:19:17.481+05:30  WARN 6060 --- [stayease] [nio-8081-exec-7] .m.m.a.ExceptionHandlerExceptionResolver : Resolved [com.takehome.stayease.exceptions.BadRequestException: Invalid email format]
2025-08-01T23:19:17.754+05:30  WARN 6060 --- [stayease] [io-8081-exec-10] .m.m.a.ExceptionHandlerExceptionResolver : Resolved [com.takehome.stayease.exceptions.ResourceNotFoundException: Invalid credentials]
2025-08-01T23:19:17.785+05:30  INFO 6060 --- [stayease] [nio-8081-exec-1] c.t.stayease.Service.HotelServiceImpl    : Fetched 43 hotels
2025-08-01T23:19:18.043+05:30  INFO 6060 --- [stayease] [nio-8081-exec-4] c.t.stayease.Service.HotelServiceImpl    : Creating hotel: Test Hotel efcc3eec-a975-49a0-9124-5f183505acde
2025-08-01T23:19:18.122+05:30  INFO 6060 --- [stayease] [nio-8081-exec-8] c.t.stayease.Service.HotelServiceImpl    : Updating hotel with ID 52: HotelUpdateRequest(name=Updated Hotel Name, availableRooms=15)
2025-08-01T23:19:18.170+05:30  INFO 6060 --- [stayease] [io-8081-exec-10] c.t.stayease.Service.HotelServiceImpl    : Deleting hotel with ID 52
2025-08-01T23:19:18.231+05:30  INFO 6060 --- [stayease] [nio-8081-exec-4] c.t.stayease.Service.HotelServiceImpl    : Creating hotel: Limited Rooms Hotel 1754070556.642015
2025-08-01T23:19:18.348+05:30  WARN 6060 --- [stayease] [nio-8081-exec-7] .m.m.a.ExceptionHandlerExceptionResolver : Resolved [com.takehome.stayease.exceptions.ResourceNotFoundException: No rooms available in hotel Limited Rooms Hotel 1754070556.642015]
